Problem:    floorplan
Rows:       729
Columns:    370 (370 integer, 343 binary)
Non-zeros:  2536
Status:     INTEGER NON-OPTIMAL
Objective:  obj = 6 (MINimum)

   No.   Row name        Activity     Lower bound   Upper bound
------ ------------    ------------- ------------- -------------
     1 obj                         6                             
     2 check1[1]                   0                          22 
     3 check1[2]                   1                          22 
     4 check1[3]                   4                          22 
     5 check1[4]                   5                          22 
     6 check1[5]                   6                          22 
     7 check1[6]                   9                          20 
     8 check1[7]                  12                          22 
     9 check1[8]                  13                          22 
    10 check1[9]                   1                          22 
    11 check1[10]                  5                          20 
    12 check1[11]                 11                          20 
    13 check1[12]                 17                          20 
    14 check1[13]                 20                          20 
    15 check2[1]                  -6                          -1 
    16 check2[2]                  -6                          -1 
    17 check2[3]                  -6                          -1 
    18 check2[4]                  -6                          -1 
    19 check2[5]                  -6                          -1 
    20 check2[6]                  -8                          -5 
    21 check2[7]                  -6                          -1 
    22 check2[8]                  -6                          -1 
    23 check2[9]                  -3                          -1 
    24 check2[10]                 -6                          -6 
    25 check2[11]                 -6                          -6 
    26 check2[12]                 -9                          -6 
    27 check2[13]                 -6                          -5 
    28 check3[1,1]                 0                          -0 
    29 check3[1,2]                -1                          -1 
    30 check3[1,3]                -4                          -1 
    31 check3[1,4]                -5                          -1 
    32 check3[1,5]                -6                          -1 
    33 check3[1,6]                -7                          -1 
    34 check3[1,7]               -12                          -1 
    35 check3[1,8]               -13                          -1 
    36 check3[1,9]                -1                          -1 
    37 check3[1,10]               -2                          -1 
    38 check3[1,11]               -8                          -1 
    39 check3[1,12]              -14                          -1 
    40 check3[1,13]              -20                          -1 
    41 check3[2,1]                 0                          -0 
    42 check3[2,2]                -1                          -0 
    43 check3[2,3]                -3                          -1 
    44 check3[2,4]                -4                          -1 
    45 check3[2,5]                -5                          -1 
    46 check3[2,6]                -6                          -1 
    47 check3[2,7]               -11                          -1 
    48 check3[2,8]               -12                          -1 
    49 check3[2,9]               -32                          -1 
    50 check3[2,10]               -1                          -1 
    51 check3[2,11]               -7                          -1 
    52 check3[2,12]              -13                          -1 
    53 check3[2,13]              -19                          -1 
    54 check3[3,1]                 0                          -0 
    55 check3[3,2]                -1                          -0 
    56 check3[3,3]                -4                          -0 
    57 check3[3,4]                -1                          -1 
    58 check3[3,5]                -2                          -1 
    59 check3[3,6]                -3                          -1 
    60 check3[3,7]                -8                          -1 
    61 check3[3,8]                -9                          -1 
    62 check3[3,9]               -29                          -1 
    63 check3[3,10]              -30                          -1 
    64 check3[3,11]               -4                          -1 
    65 check3[3,12]              -10                          -1 
    66 check3[3,13]              -16                          -1 
    67 check3[4,1]                 0                          -0 
    68 check3[4,2]                -1                          -0 
    69 check3[4,3]                -4                          -0 
    70 check3[4,4]                -5                          -0 
    71 check3[4,5]                -1                          -1 
    72 check3[4,6]                -2                          -1 
    73 check3[4,7]                -7                          -1 
    74 check3[4,8]                -8                          -1 
    75 check3[4,9]               -28                          -1 
    76 check3[4,10]              -29                          -1 
    77 check3[4,11]               -3                          -1 
    78 check3[4,12]               -9                          -1 
    79 check3[4,13]              -15                          -1 
    80 check3[5,1]                 0                          -0 
    81 check3[5,2]                -1                          -0 
    82 check3[5,3]                -4                          -0 
    83 check3[5,4]                -5                          -0 
    84 check3[5,5]                -6                          -0 
    85 check3[5,6]                -1                          -1 
    86 check3[5,7]                -6                          -1 
    87 check3[5,8]                -7                          -1 
    88 check3[5,9]               -27                          -1 
    89 check3[5,10]              -28                          -1 
    90 check3[5,11]               -2                          -1 
    91 check3[5,12]               -8                          -1 
    92 check3[5,13]              -14                          -1 
    93 check3[6,1]                 0                          -0 
    94 check3[6,2]                -1                          -0 
    95 check3[6,3]                -4                          -0 
    96 check3[6,4]                -5                          -0 
    97 check3[6,5]                -6                          -0 
    98 check3[6,6]                -7                          -0 
    99 check3[6,7]                -3                          -3 
   100 check3[6,8]                -4                          -3 
   101 check3[6,9]               -24                          -3 
   102 check3[6,10]              -25                          -3 
   103 check3[6,11]              -31                          -3 
   104 check3[6,12]               -5                          -3 
   105 check3[6,13]              -11                          -3 
   106 check3[7,1]                 0                          -0 
   107 check3[7,2]                -1                          -0 
   108 check3[7,3]                -4                          -0 
   109 check3[7,4]                -5                          -0 
   110 check3[7,5]                -6                          -0 
   111 check3[7,6]                -7                          -0 
   112 check3[7,7]               -12                          -0 
   113 check3[7,8]                -1                          -1 
   114 check3[7,9]               -21                          -1 
   115 check3[7,10]              -22                          -1 
   116 check3[7,11]              -28                          -1 
   117 check3[7,12]               -2                          -1 
   118 check3[7,13]               -8                          -1 
   119 check3[8,1]                 0                          -0 
   120 check3[8,2]                -1                          -0 
   121 check3[8,3]                -4                          -0 
   122 check3[8,4]                -5                          -0 
   123 check3[8,5]                -6                          -0 
   124 check3[8,6]                -7                          -0 
   125 check3[8,7]               -12                          -0 
   126 check3[8,8]               -13                          -0 
   127 check3[8,9]               -20                          -1 
   128 check3[8,10]              -21                          -1 
   129 check3[8,11]              -27                          -1 
   130 check3[8,12]               -1                          -1 
   131 check3[8,13]               -7                          -1 
   132 check3[9,1]                 0                          -0 
   133 check3[9,2]                -1                          -0 
   134 check3[9,3]                -4                          -0 
   135 check3[9,4]                -5                          -0 
   136 check3[9,5]                -6                          -0 
   137 check3[9,6]                -7                          -0 
   138 check3[9,7]               -12                          -0 
   139 check3[9,8]               -13                          -0 
   140 check3[9,9]                -1                          -0 
   141 check3[9,10]               -1                          -1 
   142 check3[9,11]               -7                          -1 
   143 check3[9,12]              -13                          -1 
   144 check3[9,13]              -19                          -1 
   145 check3[10,1]                0                          -0 
   146 check3[10,2]               -1                          -0 
   147 check3[10,3]               -4                          -0 
   148 check3[10,4]               -5                          -0 
   149 check3[10,5]               -6                          -0 
   150 check3[10,6]               -7                          -0 
   151 check3[10,7]              -12                          -0 
   152 check3[10,8]              -13                          -0 
   153 check3[10,9]               -1                          -0 
   154 check3[10,10]
                                  -2                          -0 
   155 check3[10,11]
                                  -3                          -3 
   156 check3[10,12]
                                  -9                          -3 
   157 check3[10,13]
                                 -15                          -3 
   158 check3[11,1]                0                          -0 
   159 check3[11,2]               -1                          -0 
   160 check3[11,3]               -4                          -0 
   161 check3[11,4]               -5                          -0 
   162 check3[11,5]               -6                          -0 
   163 check3[11,6]               -7                          -0 
   164 check3[11,7]              -12                          -0 
   165 check3[11,8]              -13                          -0 
   166 check3[11,9]               -1                          -0 
   167 check3[11,10]
                                  -2                          -0 
   168 check3[11,11]
                                  -8                          -0 
   169 check3[11,12]
                                  -3                          -3 
   170 check3[11,13]
                                  -9                          -3 
   171 check3[12,1]                0                          -0 
   172 check3[12,2]               -1                          -0 
   173 check3[12,3]               -4                          -0 
   174 check3[12,4]               -5                          -0 
   175 check3[12,5]               -6                          -0 
   176 check3[12,6]               -7                          -0 
   177 check3[12,7]              -12                          -0 
   178 check3[12,8]              -13                          -0 
   179 check3[12,9]               -1                          -0 
   180 check3[12,10]
                                  -2                          -0 
   181 check3[12,11]
                                  -8                          -0 
   182 check3[12,12]
                                 -14                          -0 
   183 check3[12,13]
                                  -3                          -3 
   184 check3[13,1]                0                          -0 
   185 check3[13,2]               -1                          -0 
   186 check3[13,3]               -4                          -0 
   187 check3[13,4]               -5                          -0 
   188 check3[13,5]               -6                          -0 
   189 check3[13,6]               -7                          -0 
   190 check3[13,7]              -12                          -0 
   191 check3[13,8]              -13                          -0 
   192 check3[13,9]               -1                          -0 
   193 check3[13,10]
                                  -2                          -0 
   194 check3[13,11]
                                  -8                          -0 
   195 check3[13,12]
                                 -14                          -0 
   196 check3[13,13]
                                 -20                          -0 
   197 check4[1,1]                 0           -32               
   198 check4[1,2]                -1           -31               
   199 check4[1,3]                -4           -31               
   200 check4[1,4]                -5           -31               
   201 check4[1,5]                -6           -31               
   202 check4[1,6]                -9           -29               
   203 check4[1,7]               -12           -31               
   204 check4[1,8]               -13           -31               
   205 check4[1,9]                -1           -31               
   206 check4[1,10]               -5           -29               
   207 check4[1,11]              -11           -29               
   208 check4[1,12]              -17           -29               
   209 check4[1,13]              -20           -29               
   210 check4[2,1]                 0           -32               
   211 check4[2,2]                -1           -32               
   212 check4[2,3]                -3           -31               
   213 check4[2,4]                -4           -31               
   214 check4[2,5]                -5           -31               
   215 check4[2,6]                -8           -29               
   216 check4[2,7]               -11           -31               
   217 check4[2,8]               -12           -31               
   218 check4[2,9]                32           -31               
   219 check4[2,10]               -4           -29               
   220 check4[2,11]              -10           -29               
   221 check4[2,12]              -16           -29               
   222 check4[2,13]              -19           -29               
   223 check4[3,1]                 0           -32               
   224 check4[3,2]                -1           -32               
   225 check4[3,3]                -4           -32               
   226 check4[3,4]                -1           -31               
   227 check4[3,5]                -2           -31               
   228 check4[3,6]                -5           -29               
   229 check4[3,7]                -8           -31               
   230 check4[3,8]                -9           -31               
   231 check4[3,9]                35           -31               
   232 check4[3,10]               31           -29               
   233 check4[3,11]               -7           -29               
   234 check4[3,12]              -13           -29               
   235 check4[3,13]              -16           -29               
   236 check4[4,1]                 0           -32               
   237 check4[4,2]                -1           -32               
   238 check4[4,3]                -4           -32               
   239 check4[4,4]                -5           -32               
   240 check4[4,5]                -1           -31               
   241 check4[4,6]                -4           -29               
   242 check4[4,7]                -7           -31               
   243 check4[4,8]                -8           -31               
   244 check4[4,9]                36           -31               
   245 check4[4,10]               32           -29               
   246 check4[4,11]               -6           -29               
   247 check4[4,12]              -12           -29               
   248 check4[4,13]              -15           -29               
   249 check4[5,1]                 0           -32               
   250 check4[5,2]                -1           -32               
   251 check4[5,3]                -4           -32               
   252 check4[5,4]                -5           -32               
   253 check4[5,5]                -6           -32               
   254 check4[5,6]                -3           -29               
   255 check4[5,7]                -6           -31               
   256 check4[5,8]                -7           -31               
   257 check4[5,9]                37           -31               
   258 check4[5,10]               33           -29               
   259 check4[5,11]               -5           -29               
   260 check4[5,12]              -11           -29               
   261 check4[5,13]              -14           -29               
   262 check4[6,1]                 0           -32               
   263 check4[6,2]                -1           -32               
   264 check4[6,3]                -4           -32               
   265 check4[6,4]                -5           -32               
   266 check4[6,5]                -6           -32               
   267 check4[6,6]                -7           -32               
   268 check4[6,7]                -5           -31               
   269 check4[6,8]                -6           -31               
   270 check4[6,9]                38           -31               
   271 check4[6,10]               34           -29               
   272 check4[6,11]               28           -29               
   273 check4[6,12]              -10           -29               
   274 check4[6,13]              -13           -29               
   275 check4[7,1]                 0           -32               
   276 check4[7,2]                -1           -32               
   277 check4[7,3]                -4           -32               
   278 check4[7,4]                -5           -32               
   279 check4[7,5]                -6           -32               
   280 check4[7,6]                -7           -32               
   281 check4[7,7]               -12           -32               
   282 check4[7,8]                -1           -31               
   283 check4[7,9]                43           -31               
   284 check4[7,10]               39           -29               
   285 check4[7,11]               33           -29               
   286 check4[7,12]               -5           -29               
   287 check4[7,13]               -8           -29               
   288 check4[8,1]                 0           -32               
   289 check4[8,2]                -1           -32               
   290 check4[8,3]                -4           -32               
   291 check4[8,4]                -5           -32               
   292 check4[8,5]                -6           -32               
   293 check4[8,6]                -7           -32               
   294 check4[8,7]               -12           -32               
   295 check4[8,8]               -13           -32               
   296 check4[8,9]                44           -31               
   297 check4[8,10]               40           -29               
   298 check4[8,11]               34           -29               
   299 check4[8,12]               -4           -29               
   300 check4[8,13]               -7           -29               
   301 check4[9,1]                 0           -32               
   302 check4[9,2]                -1           -32               
   303 check4[9,3]                -4           -32               
   304 check4[9,4]                -5           -32               
   305 check4[9,5]                -6           -32               
   306 check4[9,6]                -7           -32               
   307 check4[9,7]               -12           -32               
   308 check4[9,8]               -13           -32               
   309 check4[9,9]                -1           -32               
   310 check4[9,10]               -4           -29               
   311 check4[9,11]              -10           -29               
   312 check4[9,12]              -16           -29               
   313 check4[9,13]              -19           -29               
   314 check4[10,1]                0           -32               
   315 check4[10,2]               -1           -32               
   316 check4[10,3]               -4           -32               
   317 check4[10,4]               -5           -32               
   318 check4[10,5]               -6           -32               
   319 check4[10,6]               -7           -32               
   320 check4[10,7]              -12           -32               
   321 check4[10,8]              -13           -32               
   322 check4[10,9]               -1           -32               
   323 check4[10,10]
                                  -2           -32               
   324 check4[10,11]
                                  -9           -29               
   325 check4[10,12]
                                 -15           -29               
   326 check4[10,13]
                                 -18           -29               
   327 check4[11,1]                0           -32               
   328 check4[11,2]               -1           -32               
   329 check4[11,3]               -4           -32               
   330 check4[11,4]               -5           -32               
   331 check4[11,5]               -6           -32               
   332 check4[11,6]               -7           -32               
   333 check4[11,7]              -12           -32               
   334 check4[11,8]              -13           -32               
   335 check4[11,9]               -1           -32               
   336 check4[11,10]
                                  -2           -32               
   337 check4[11,11]
                                  -8           -32               
   338 check4[11,12]
                                  -9           -29               
   339 check4[11,13]
                                 -12           -29               
   340 check4[12,1]                0           -32               
   341 check4[12,2]               -1           -32               
   342 check4[12,3]               -4           -32               
   343 check4[12,4]               -5           -32               
   344 check4[12,5]               -6           -32               
   345 check4[12,6]               -7           -32               
   346 check4[12,7]              -12           -32               
   347 check4[12,8]              -13           -32               
   348 check4[12,9]               -1           -32               
   349 check4[12,10]
                                  -2           -32               
   350 check4[12,11]
                                  -8           -32               
   351 check4[12,12]
                                 -14           -32               
   352 check4[12,13]
                                  -6           -29               
   353 check4[13,1]                0           -32               
   354 check4[13,2]               -1           -32               
   355 check4[13,3]               -4           -32               
   356 check4[13,4]               -5           -32               
   357 check4[13,5]               -6           -32               
   358 check4[13,6]               -7           -32               
   359 check4[13,7]              -12           -32               
   360 check4[13,8]              -13           -32               
   361 check4[13,9]               -1           -32               
   362 check4[13,10]
                                  -2           -32               
   363 check4[13,11]
                                  -8           -32               
   364 check4[13,12]
                                 -14           -32               
   365 check4[13,13]
                                 -20           -32               
   366 check5[1,1]                 0                          32 
   367 check5[1,2]                 0                          31 
   368 check5[1,3]                 0                          31 
   369 check5[1,4]                 0                          31 
   370 check5[1,5]                 0                          31 
   371 check5[1,6]                 0                          31 
   372 check5[1,7]                 0                          31 
   373 check5[1,8]                 0                          31 
   374 check5[1,9]                -3                          31 
   375 check5[1,10]               -3                          31 
   376 check5[1,11]               -3                          31 
   377 check5[1,12]                0                          31 
   378 check5[1,13]                0                          31 
   379 check5[2,1]                 0                          32 
   380 check5[2,2]                 0                          32 
   381 check5[2,3]                 0                          31 
   382 check5[2,4]                 0                          31 
   383 check5[2,5]                 0                          31 
   384 check5[2,6]                 0                          31 
   385 check5[2,7]                 0                          31 
   386 check5[2,8]                 0                          31 
   387 check5[2,9]                29                          31 
   388 check5[2,10]               -3                          31 
   389 check5[2,11]               -3                          31 
   390 check5[2,12]                0                          31 
   391 check5[2,13]                0                          31 
   392 check5[3,1]                 0                          32 
   393 check5[3,2]                 0                          32 
   394 check5[3,3]                 0                          32 
   395 check5[3,4]                 0                          31 
   396 check5[3,5]                 0                          31 
   397 check5[3,6]                 0                          31 
   398 check5[3,7]                 0                          31 
   399 check5[3,8]                 0                          31 
   400 check5[3,9]                29                          31 
   401 check5[3,10]               29                          31 
   402 check5[3,11]               -3                          31 
   403 check5[3,12]                0                          31 
   404 check5[3,13]                0                          31 
   405 check5[4,1]                 0                          32 
   406 check5[4,2]                 0                          32 
   407 check5[4,3]                 0                          32 
   408 check5[4,4]                 0                          32 
   409 check5[4,5]                 0                          31 
   410 check5[4,6]                 0                          31 
   411 check5[4,7]                 0                          31 
   412 check5[4,8]                 0                          31 
   413 check5[4,9]                29                          31 
   414 check5[4,10]               29                          31 
   415 check5[4,11]               -3                          31 
   416 check5[4,12]                0                          31 
   417 check5[4,13]                0                          31 
   418 check5[5,1]                 0                          32 
   419 check5[5,2]                 0                          32 
   420 check5[5,3]                 0                          32 
   421 check5[5,4]                 0                          32 
   422 check5[5,5]                 0                          32 
   423 check5[5,6]                 0                          31 
   424 check5[5,7]                 0                          31 
   425 check5[5,8]                 0                          31 
   426 check5[5,9]                29                          31 
   427 check5[5,10]               29                          31 
   428 check5[5,11]               -3                          31 
   429 check5[5,12]                0                          31 
   430 check5[5,13]                0                          31 
   431 check5[6,1]                 0                          32 
   432 check5[6,2]                 0                          32 
   433 check5[6,3]                 0                          32 
   434 check5[6,4]                 0                          32 
   435 check5[6,5]                 0                          32 
   436 check5[6,6]                 0                          32 
   437 check5[6,7]                -2                          27 
   438 check5[6,8]                -2                          27 
   439 check5[6,9]                27                          27 
   440 check5[6,10]               27                          27 
   441 check5[6,11]               27                          27 
   442 check5[6,12]               -2                          27 
   443 check5[6,13]               -2                          27 
   444 check5[7,1]                 0                          32 
   445 check5[7,2]                 0                          32 
   446 check5[7,3]                 0                          32 
   447 check5[7,4]                 0                          32 
   448 check5[7,5]                 0                          32 
   449 check5[7,6]                 0                          32 
   450 check5[7,7]                 0                          32 
   451 check5[7,8]                 0                          31 
   452 check5[7,9]                29                          31 
   453 check5[7,10]               29                          31 
   454 check5[7,11]               29                          31 
   455 check5[7,12]                0                          31 
   456 check5[7,13]                0                          31 
   457 check5[8,1]                 0                          32 
   458 check5[8,2]                 0                          32 
   459 check5[8,3]                 0                          32 
   460 check5[8,4]                 0                          32 
   461 check5[8,5]                 0                          32 
   462 check5[8,6]                 0                          32 
   463 check5[8,7]                 0                          32 
   464 check5[8,8]                 0                          32 
   465 check5[8,9]                29                          31 
   466 check5[8,10]               29                          31 
   467 check5[8,11]               29                          31 
   468 check5[8,12]                0                          31 
   469 check5[8,13]                0                          31 
   470 check5[9,1]                 0                          32 
   471 check5[9,2]                 0                          32 
   472 check5[9,3]                 0                          32 
   473 check5[9,4]                 0                          32 
   474 check5[9,5]                 0                          32 
   475 check5[9,6]                 0                          32 
   476 check5[9,7]                 0                          32 
   477 check5[9,8]                 0                          32 
   478 check5[9,9]                -3                          32 
   479 check5[9,10]                0                          31 
   480 check5[9,11]                0                          31 
   481 check5[9,12]                3                          31 
   482 check5[9,13]                3                          31 
   483 check5[10,1]                0                          32 
   484 check5[10,2]                0                          32 
   485 check5[10,3]                0                          32 
   486 check5[10,4]                0                          32 
   487 check5[10,5]                0                          32 
   488 check5[10,6]                0                          32 
   489 check5[10,7]                0                          32 
   490 check5[10,8]                0                          32 
   491 check5[10,9]               -3                          32 
   492 check5[10,10]
                                  -3                          32 
   493 check5[10,11]
                                  -3                          26 
   494 check5[10,12]
                                   0                          26 
   495 check5[10,13]
                                   0                          26 
   496 check5[11,1]                0                          32 
   497 check5[11,2]                0                          32 
   498 check5[11,3]                0                          32 
   499 check5[11,4]                0                          32 
   500 check5[11,5]                0                          32 
   501 check5[11,6]                0                          32 
   502 check5[11,7]                0                          32 
   503 check5[11,8]                0                          32 
   504 check5[11,9]               -3                          32 
   505 check5[11,10]
                                  -3                          32 
   506 check5[11,11]
                                  -3                          32 
   507 check5[11,12]
                                   0                          26 
   508 check5[11,13]
                                   0                          26 
   509 check5[12,1]                0                          32 
   510 check5[12,2]                0                          32 
   511 check5[12,3]                0                          32 
   512 check5[12,4]                0                          32 
   513 check5[12,5]                0                          32 
   514 check5[12,6]                0                          32 
   515 check5[12,7]                0                          32 
   516 check5[12,8]                0                          32 
   517 check5[12,9]               -3                          32 
   518 check5[12,10]
                                  -3                          32 
   519 check5[12,11]
                                  -3                          32 
   520 check5[12,12]
                                   0                          32 
   521 check5[12,13]
                                  -3                          26 
   522 check5[13,1]                0                          32 
   523 check5[13,2]                0                          32 
   524 check5[13,3]                0                          32 
   525 check5[13,4]                0                          32 
   526 check5[13,5]                0                          32 
   527 check5[13,6]                0                          32 
   528 check5[13,7]                0                          32 
   529 check5[13,8]                0                          32 
   530 check5[13,9]               -3                          32 
   531 check5[13,10]
                                  -3                          32 
   532 check5[13,11]
                                  -3                          32 
   533 check5[13,12]
                                   0                          32 
   534 check5[13,13]
                                   0                          32 
   535 check6[1,1]                 0           -64               
   536 check6[1,2]                 0           -63               
   537 check6[1,3]                 0           -63               
   538 check6[1,4]                 0           -63               
   539 check6[1,5]                 0           -63               
   540 check6[1,6]                 2           -59               
   541 check6[1,7]                 0           -63               
   542 check6[1,8]                 0           -63               
   543 check6[1,9]                -3           -63               
   544 check6[1,10]                0           -58               
   545 check6[1,11]                0           -58               
   546 check6[1,12]                3           -58               
   547 check6[1,13]                0           -59               
   548 check6[2,1]                 0           -64               
   549 check6[2,2]                 0           -64               
   550 check6[2,3]                 0           -63               
   551 check6[2,4]                 0           -63               
   552 check6[2,5]                 0           -63               
   553 check6[2,6]                 2           -59               
   554 check6[2,7]                 0           -63               
   555 check6[2,8]                 0           -63               
   556 check6[2,9]               -35           -63               
   557 check6[2,10]                0           -58               
   558 check6[2,11]                0           -58               
   559 check6[2,12]                3           -58               
   560 check6[2,13]                0           -59               
   561 check6[3,1]                 0           -64               
   562 check6[3,2]                 0           -64               
   563 check6[3,3]                 0           -64               
   564 check6[3,4]                 0           -63               
   565 check6[3,5]                 0           -63               
   566 check6[3,6]                 2           -59               
   567 check6[3,7]                 0           -63               
   568 check6[3,8]                 0           -63               
   569 check6[3,9]               -35           -63               
   570 check6[3,10]              -32           -58               
   571 check6[3,11]                0           -58               
   572 check6[3,12]                3           -58               
   573 check6[3,13]                0           -59               
   574 check6[4,1]                 0           -64               
   575 check6[4,2]                 0           -64               
   576 check6[4,3]                 0           -64               
   577 check6[4,4]                 0           -64               
   578 check6[4,5]                 0           -63               
   579 check6[4,6]                 2           -59               
   580 check6[4,7]                 0           -63               
   581 check6[4,8]                 0           -63               
   582 check6[4,9]               -35           -63               
   583 check6[4,10]              -32           -58               
   584 check6[4,11]                0           -58               
   585 check6[4,12]                3           -58               
   586 check6[4,13]                0           -59               
   587 check6[5,1]                 0           -64               
   588 check6[5,2]                 0           -64               
   589 check6[5,3]                 0           -64               
   590 check6[5,4]                 0           -64               
   591 check6[5,5]                 0           -64               
   592 check6[5,6]                 2           -59               
   593 check6[5,7]                 0           -63               
   594 check6[5,8]                 0           -63               
   595 check6[5,9]               -35           -63               
   596 check6[5,10]              -32           -58               
   597 check6[5,11]                0           -58               
   598 check6[5,12]                3           -58               
   599 check6[5,13]                0           -59               
   600 check6[6,1]                 0           -64               
   601 check6[6,2]                 0           -64               
   602 check6[6,3]                 0           -64               
   603 check6[6,4]                 0           -64               
   604 check6[6,5]                 0           -64               
   605 check6[6,6]                 0           -64               
   606 check6[6,7]                 0           -63               
   607 check6[6,8]                 0           -63               
   608 check6[6,9]               -35           -63               
   609 check6[6,10]              -32           -58               
   610 check6[6,11]              -32           -58               
   611 check6[6,12]                3           -58               
   612 check6[6,13]                0           -59               
   613 check6[7,1]                 0           -64               
   614 check6[7,2]                 0           -64               
   615 check6[7,3]                 0           -64               
   616 check6[7,4]                 0           -64               
   617 check6[7,5]                 0           -64               
   618 check6[7,6]                 0           -64               
   619 check6[7,7]                 0           -64               
   620 check6[7,8]                 0           -63               
   621 check6[7,9]               -35           -63               
   622 check6[7,10]              -32           -58               
   623 check6[7,11]              -32           -58               
   624 check6[7,12]                3           -58               
   625 check6[7,13]                0           -59               
   626 check6[8,1]                 0           -64               
   627 check6[8,2]                 0           -64               
   628 check6[8,3]                 0           -64               
   629 check6[8,4]                 0           -64               
   630 check6[8,5]                 0           -64               
   631 check6[8,6]                 0           -64               
   632 check6[8,7]                 0           -64               
   633 check6[8,8]                 0           -64               
   634 check6[8,9]               -35           -63               
   635 check6[8,10]              -32           -58               
   636 check6[8,11]              -32           -58               
   637 check6[8,12]                3           -58               
   638 check6[8,13]                0           -59               
   639 check6[9,1]                 0           -64               
   640 check6[9,2]                 0           -64               
   641 check6[9,3]                 0           -64               
   642 check6[9,4]                 0           -64               
   643 check6[9,5]                 0           -64               
   644 check6[9,6]                 0           -64               
   645 check6[9,7]                 0           -64               
   646 check6[9,8]                 0           -64               
   647 check6[9,9]                -3           -64               
   648 check6[9,10]                3           -58               
   649 check6[9,11]                3           -58               
   650 check6[9,12]                6           -58               
   651 check6[9,13]                3           -59               
   652 check6[10,1]                0           -64               
   653 check6[10,2]                0           -64               
   654 check6[10,3]                0           -64               
   655 check6[10,4]                0           -64               
   656 check6[10,5]                0           -64               
   657 check6[10,6]                0           -64               
   658 check6[10,7]                0           -64               
   659 check6[10,8]                0           -64               
   660 check6[10,9]               -3           -64               
   661 check6[10,10]
                                  -3           -64               
   662 check6[10,11]
                                   3           -58               
   663 check6[10,12]
                                   6           -58               
   664 check6[10,13]
                                   3           -59               
   665 check6[11,1]                0           -64               
   666 check6[11,2]                0           -64               
   667 check6[11,3]                0           -64               
   668 check6[11,4]                0           -64               
   669 check6[11,5]                0           -64               
   670 check6[11,6]                0           -64               
   671 check6[11,7]                0           -64               
   672 check6[11,8]                0           -64               
   673 check6[11,9]               -3           -64               
   674 check6[11,10]
                                  -3           -64               
   675 check6[11,11]
                                  -3           -64               
   676 check6[11,12]
                                   6           -58               
   677 check6[11,13]
                                   3           -59               
   678 check6[12,1]                0           -64               
   679 check6[12,2]                0           -64               
   680 check6[12,3]                0           -64               
   681 check6[12,4]                0           -64               
   682 check6[12,5]                0           -64               
   683 check6[12,6]                0           -64               
   684 check6[12,7]                0           -64               
   685 check6[12,8]                0           -64               
   686 check6[12,9]               -3           -64               
   687 check6[12,10]
                                  -3           -64               
   688 check6[12,11]
                                  -3           -64               
   689 check6[12,12]
                                   0           -64               
   690 check6[12,13]
                                   0           -59               
   691 check6[13,1]                0           -64               
   692 check6[13,2]                0           -64               
   693 check6[13,3]                0           -64               
   694 check6[13,4]                0           -64               
   695 check6[13,5]                0           -64               
   696 check6[13,6]                0           -64               
   697 check6[13,7]                0           -64               
   698 check6[13,8]                0           -64               
   699 check6[13,9]               -3           -64               
   700 check6[13,10]
                                  -3           -64               
   701 check6[13,11]
                                  -3           -64               
   702 check6[13,12]
                                   0           -64               
   703 check6[13,13]
                                   0           -64               
   704 check7[1]                   0            -0               
   705 check7[2]                   1            -0               
   706 check7[3]                   4            -0               
   707 check7[4]                   5            -0               
   708 check7[5]                   6            -0               
   709 check7[6]                   7            -0               
   710 check7[7]                  12            -0               
   711 check7[8]                  13            -0               
   712 check7[9]                   1            -0               
   713 check7[10]                  2            -0               
   714 check7[11]                  8            -0               
   715 check7[12]                 14            -0               
   716 check7[13]                 20            -0               
   717 check8[1]                   0            -0               
   718 check8[2]                   0            -0               
   719 check8[3]                   0            -0               
   720 check8[4]                   0            -0               
   721 check8[5]                   0            -0               
   722 check8[6]                   0            -0               
   723 check8[7]                   0            -0               
   724 check8[8]                   0            -0               
   725 check8[9]                   3            -0               
   726 check8[10]                  3            -0               
   727 check8[11]                  3            -0               
   728 check8[12]                  0            -0               
   729 check8[13]                  0            -0               

   No. Column name       Activity     Lower bound   Upper bound
------ ------------    ------------- ------------- -------------
     1 x[1]         *              0             0               
     2 x[2]         *              1             0               
     3 x[3]         *              4             0               
     4 x[4]         *              5             0               
     5 x[5]         *              6             0               
     6 x[6]         *              7             0               
     7 x[7]         *             12             0               
     8 x[8]         *             13             0               
     9 x[9]         *              1             0               
    10 x[10]        *              2             0               
    11 x[11]        *              8             0               
    12 x[12]        *             14             0               
    13 x[13]        *             20             0               
    14 y[1]         *              0             0               
    15 y[2]         *              0             0               
    16 y[3]         *              0             0               
    17 y[4]         *              0             0               
    18 y[5]         *              0             0               
    19 y[6]         *              0             0               
    20 y[7]         *              0             0               
    21 y[8]         *              0             0               
    22 y[9]         *              3             0               
    23 y[10]        *              3             0               
    24 y[11]        *              3             0               
    25 y[12]        *              0             0               
    26 y[13]        *              0             0               
    27 z[6]         *              1             0             1 
    28 z[10]        *              1             0             1 
    29 z[11]        *              1             0             1 
    30 z[12]        *              1             0             1 
    31 z[13]        *              0             0             1 
    32 p[1,1]       *              0             0             1 
    33 p[1,2]       *              0             0             1 
    34 p[1,3]       *              0             0             1 
    35 p[1,4]       *              0             0             1 
    36 p[1,5]       *              0             0             1 
    37 p[1,6]       *              0             0             1 
    38 p[1,7]       *              0             0             1 
    39 p[1,8]       *              0             0             1 
    40 p[1,9]       *              0             0             1 
    41 p[1,10]      *              0             0             1 
    42 p[1,11]      *              0             0             1 
    43 p[1,12]      *              0             0             1 
    44 p[1,13]      *              0             0             1 
    45 p[2,1]       *              0             0             1 
    46 p[2,2]       *              0             0             1 
    47 p[2,3]       *              0             0             1 
    48 p[2,4]       *              0             0             1 
    49 p[2,5]       *              0             0             1 
    50 p[2,6]       *              0             0             1 
    51 p[2,7]       *              0             0             1 
    52 p[2,8]       *              0             0             1 
    53 p[2,9]       *              0             0             1 
    54 p[2,10]      *              0             0             1 
    55 p[2,11]      *              0             0             1 
    56 p[2,12]      *              0             0             1 
    57 p[2,13]      *              0             0             1 
    58 p[3,1]       *              0             0             1 
    59 p[3,2]       *              0             0             1 
    60 p[3,3]       *              0             0             1 
    61 p[3,4]       *              0             0             1 
    62 p[3,5]       *              0             0             1 
    63 p[3,6]       *              0             0             1 
    64 p[3,7]       *              0             0             1 
    65 p[3,8]       *              0             0             1 
    66 p[3,9]       *              0             0             1 
    67 p[3,10]      *              0             0             1 
    68 p[3,11]      *              0             0             1 
    69 p[3,12]      *              0             0             1 
    70 p[3,13]      *              0             0             1 
    71 p[4,1]       *              0             0             1 
    72 p[4,2]       *              0             0             1 
    73 p[4,3]       *              0             0             1 
    74 p[4,4]       *              0             0             1 
    75 p[4,5]       *              0             0             1 
    76 p[4,6]       *              0             0             1 
    77 p[4,7]       *              0             0             1 
    78 p[4,8]       *              0             0             1 
    79 p[4,9]       *              0             0             1 
    80 p[4,10]      *              0             0             1 
    81 p[4,11]      *              0             0             1 
    82 p[4,12]      *              0             0             1 
    83 p[4,13]      *              0             0             1 
    84 p[5,1]       *              0             0             1 
    85 p[5,2]       *              0             0             1 
    86 p[5,3]       *              0             0             1 
    87 p[5,4]       *              0             0             1 
    88 p[5,5]       *              0             0             1 
    89 p[5,6]       *              0             0             1 
    90 p[5,7]       *              0             0             1 
    91 p[5,8]       *              0             0             1 
    92 p[5,9]       *              0             0             1 
    93 p[5,10]      *              0             0             1 
    94 p[5,11]      *              0             0             1 
    95 p[5,12]      *              0             0             1 
    96 p[5,13]      *              0             0             1 
    97 p[6,1]       *              0             0             1 
    98 p[6,2]       *              0             0             1 
    99 p[6,3]       *              0             0             1 
   100 p[6,4]       *              0             0             1 
   101 p[6,5]       *              0             0             1 
   102 p[6,6]       *              0             0             1 
   103 p[6,7]       *              0             0             1 
   104 p[6,8]       *              0             0             1 
   105 p[6,9]       *              0             0             1 
   106 p[6,10]      *              0             0             1 
   107 p[6,11]      *              0             0             1 
   108 p[6,12]      *              0             0             1 
   109 p[6,13]      *              0             0             1 
   110 p[7,1]       *              0             0             1 
   111 p[7,2]       *              0             0             1 
   112 p[7,3]       *              0             0             1 
   113 p[7,4]       *              0             0             1 
   114 p[7,5]       *              0             0             1 
   115 p[7,6]       *              0             0             1 
   116 p[7,7]       *              0             0             1 
   117 p[7,8]       *              0             0             1 
   118 p[7,9]       *              0             0             1 
   119 p[7,10]      *              0             0             1 
   120 p[7,11]      *              0             0             1 
   121 p[7,12]      *              0             0             1 
   122 p[7,13]      *              0             0             1 
   123 p[8,1]       *              0             0             1 
   124 p[8,2]       *              0             0             1 
   125 p[8,3]       *              0             0             1 
   126 p[8,4]       *              0             0             1 
   127 p[8,5]       *              0             0             1 
   128 p[8,6]       *              0             0             1 
   129 p[8,7]       *              0             0             1 
   130 p[8,8]       *              0             0             1 
   131 p[8,9]       *              0             0             1 
   132 p[8,10]      *              0             0             1 
   133 p[8,11]      *              0             0             1 
   134 p[8,12]      *              0             0             1 
   135 p[8,13]      *              0             0             1 
   136 p[9,1]       *              0             0             1 
   137 p[9,2]       *              0             0             1 
   138 p[9,3]       *              0             0             1 
   139 p[9,4]       *              0             0             1 
   140 p[9,5]       *              0             0             1 
   141 p[9,6]       *              0             0             1 
   142 p[9,7]       *              0             0             1 
   143 p[9,8]       *              0             0             1 
   144 p[9,9]       *              0             0             1 
   145 p[9,10]      *              0             0             1 
   146 p[9,11]      *              0             0             1 
   147 p[9,12]      *              0             0             1 
   148 p[9,13]      *              0             0             1 
   149 p[10,1]      *              0             0             1 
   150 p[10,2]      *              0             0             1 
   151 p[10,3]      *              0             0             1 
   152 p[10,4]      *              0             0             1 
   153 p[10,5]      *              0             0             1 
   154 p[10,6]      *              0             0             1 
   155 p[10,7]      *              0             0             1 
   156 p[10,8]      *              0             0             1 
   157 p[10,9]      *              0             0             1 
   158 p[10,10]     *              0             0             1 
   159 p[10,11]     *              0             0             1 
   160 p[10,12]     *              0             0             1 
   161 p[10,13]     *              0             0             1 
   162 p[11,1]      *              0             0             1 
   163 p[11,2]      *              0             0             1 
   164 p[11,3]      *              0             0             1 
   165 p[11,4]      *              0             0             1 
   166 p[11,5]      *              0             0             1 
   167 p[11,6]      *              0             0             1 
   168 p[11,7]      *              0             0             1 
   169 p[11,8]      *              0             0             1 
   170 p[11,9]      *              0             0             1 
   171 p[11,10]     *              0             0             1 
   172 p[11,11]     *              0             0             1 
   173 p[11,12]     *              0             0             1 
   174 p[11,13]     *              0             0             1 
   175 p[12,1]      *              0             0             1 
   176 p[12,2]      *              0             0             1 
   177 p[12,3]      *              0             0             1 
   178 p[12,4]      *              0             0             1 
   179 p[12,5]      *              0             0             1 
   180 p[12,6]      *              0             0             1 
   181 p[12,7]      *              0             0             1 
   182 p[12,8]      *              0             0             1 
   183 p[12,9]      *              0             0             1 
   184 p[12,10]     *              0             0             1 
   185 p[12,11]     *              0             0             1 
   186 p[12,12]     *              0             0             1 
   187 p[12,13]     *              0             0             1 
   188 p[13,1]      *              0             0             1 
   189 p[13,2]      *              0             0             1 
   190 p[13,3]      *              0             0             1 
   191 p[13,4]      *              0             0             1 
   192 p[13,5]      *              0             0             1 
   193 p[13,6]      *              0             0             1 
   194 p[13,7]      *              0             0             1 
   195 p[13,8]      *              0             0             1 
   196 p[13,9]      *              0             0             1 
   197 p[13,10]     *              0             0             1 
   198 p[13,11]     *              0             0             1 
   199 p[13,12]     *              0             0             1 
   200 p[13,13]     *              0             0             1 
   201 q[1,1]       *              0             0             1 
   202 q[1,2]       *              0             0             1 
   203 q[1,3]       *              0             0             1 
   204 q[1,4]       *              0             0             1 
   205 q[1,5]       *              0             0             1 
   206 q[1,6]       *              0             0             1 
   207 q[1,7]       *              0             0             1 
   208 q[1,8]       *              0             0             1 
   209 q[1,9]       *              0             0             1 
   210 q[1,10]      *              0             0             1 
   211 q[1,11]      *              0             0             1 
   212 q[1,12]      *              0             0             1 
   213 q[1,13]      *              0             0             1 
   214 q[2,1]       *              0             0             1 
   215 q[2,2]       *              0             0             1 
   216 q[2,3]       *              0             0             1 
   217 q[2,4]       *              0             0             1 
   218 q[2,5]       *              0             0             1 
   219 q[2,6]       *              0             0             1 
   220 q[2,7]       *              0             0             1 
   221 q[2,8]       *              0             0             1 
   222 q[2,9]       *              1             0             1 
   223 q[2,10]      *              0             0             1 
   224 q[2,11]      *              0             0             1 
   225 q[2,12]      *              0             0             1 
   226 q[2,13]      *              0             0             1 
   227 q[3,1]       *              0             0             1 
   228 q[3,2]       *              0             0             1 
   229 q[3,3]       *              0             0             1 
   230 q[3,4]       *              0             0             1 
   231 q[3,5]       *              0             0             1 
   232 q[3,6]       *              0             0             1 
   233 q[3,7]       *              0             0             1 
   234 q[3,8]       *              0             0             1 
   235 q[3,9]       *              1             0             1 
   236 q[3,10]      *              1             0             1 
   237 q[3,11]      *              0             0             1 
   238 q[3,12]      *              0             0             1 
   239 q[3,13]      *              0             0             1 
   240 q[4,1]       *              0             0             1 
   241 q[4,2]       *              0             0             1 
   242 q[4,3]       *              0             0             1 
   243 q[4,4]       *              0             0             1 
   244 q[4,5]       *              0             0             1 
   245 q[4,6]       *              0             0             1 
   246 q[4,7]       *              0             0             1 
   247 q[4,8]       *              0             0             1 
   248 q[4,9]       *              1             0             1 
   249 q[4,10]      *              1             0             1 
   250 q[4,11]      *              0             0             1 
   251 q[4,12]      *              0             0             1 
   252 q[4,13]      *              0             0             1 
   253 q[5,1]       *              0             0             1 
   254 q[5,2]       *              0             0             1 
   255 q[5,3]       *              0             0             1 
   256 q[5,4]       *              0             0             1 
   257 q[5,5]       *              0             0             1 
   258 q[5,6]       *              0             0             1 
   259 q[5,7]       *              0             0             1 
   260 q[5,8]       *              0             0             1 
   261 q[5,9]       *              1             0             1 
   262 q[5,10]      *              1             0             1 
   263 q[5,11]      *              0             0             1 
   264 q[5,12]      *              0             0             1 
   265 q[5,13]      *              0             0             1 
   266 q[6,1]       *              0             0             1 
   267 q[6,2]       *              0             0             1 
   268 q[6,3]       *              0             0             1 
   269 q[6,4]       *              0             0             1 
   270 q[6,5]       *              0             0             1 
   271 q[6,6]       *              0             0             1 
   272 q[6,7]       *              0             0             1 
   273 q[6,8]       *              0             0             1 
   274 q[6,9]       *              1             0             1 
   275 q[6,10]      *              1             0             1 
   276 q[6,11]      *              1             0             1 
   277 q[6,12]      *              0             0             1 
   278 q[6,13]      *              0             0             1 
   279 q[7,1]       *              0             0             1 
   280 q[7,2]       *              0             0             1 
   281 q[7,3]       *              0             0             1 
   282 q[7,4]       *              0             0             1 
   283 q[7,5]       *              0             0             1 
   284 q[7,6]       *              0             0             1 
   285 q[7,7]       *              0             0             1 
   286 q[7,8]       *              0             0             1 
   287 q[7,9]       *              1             0             1 
   288 q[7,10]      *              1             0             1 
   289 q[7,11]      *              1             0             1 
   290 q[7,12]      *              0             0             1 
   291 q[7,13]      *              0             0             1 
   292 q[8,1]       *              0             0             1 
   293 q[8,2]       *              0             0             1 
   294 q[8,3]       *              0             0             1 
   295 q[8,4]       *              0             0             1 
   296 q[8,5]       *              0             0             1 
   297 q[8,6]       *              0             0             1 
   298 q[8,7]       *              0             0             1 
   299 q[8,8]       *              0             0             1 
   300 q[8,9]       *              1             0             1 
   301 q[8,10]      *              1             0             1 
   302 q[8,11]      *              1             0             1 
   303 q[8,12]      *              0             0             1 
   304 q[8,13]      *              0             0             1 
   305 q[9,1]       *              0             0             1 
   306 q[9,2]       *              0             0             1 
   307 q[9,3]       *              0             0             1 
   308 q[9,4]       *              0             0             1 
   309 q[9,5]       *              0             0             1 
   310 q[9,6]       *              0             0             1 
   311 q[9,7]       *              0             0             1 
   312 q[9,8]       *              0             0             1 
   313 q[9,9]       *              0             0             1 
   314 q[9,10]      *              0             0             1 
   315 q[9,11]      *              0             0             1 
   316 q[9,12]      *              0             0             1 
   317 q[9,13]      *              0             0             1 
   318 q[10,1]      *              0             0             1 
   319 q[10,2]      *              0             0             1 
   320 q[10,3]      *              0             0             1 
   321 q[10,4]      *              0             0             1 
   322 q[10,5]      *              0             0             1 
   323 q[10,6]      *              0             0             1 
   324 q[10,7]      *              0             0             1 
   325 q[10,8]      *              0             0             1 
   326 q[10,9]      *              0             0             1 
   327 q[10,10]     *              0             0             1 
   328 q[10,11]     *              0             0             1 
   329 q[10,12]     *              0             0             1 
   330 q[10,13]     *              0             0             1 
   331 q[11,1]      *              0             0             1 
   332 q[11,2]      *              0             0             1 
   333 q[11,3]      *              0             0             1 
   334 q[11,4]      *              0             0             1 
   335 q[11,5]      *              0             0             1 
   336 q[11,6]      *              0             0             1 
   337 q[11,7]      *              0             0             1 
   338 q[11,8]      *              0             0             1 
   339 q[11,9]      *              0             0             1 
   340 q[11,10]     *              0             0             1 
   341 q[11,11]     *              0             0             1 
   342 q[11,12]     *              0             0             1 
   343 q[11,13]     *              0             0             1 
   344 q[12,1]      *              0             0             1 
   345 q[12,2]      *              0             0             1 
   346 q[12,3]      *              0             0             1 
   347 q[12,4]      *              0             0             1 
   348 q[12,5]      *              0             0             1 
   349 q[12,6]      *              0             0             1 
   350 q[12,7]      *              0             0             1 
   351 q[12,8]      *              0             0             1 
   352 q[12,9]      *              0             0             1 
   353 q[12,10]     *              0             0             1 
   354 q[12,11]     *              0             0             1 
   355 q[12,12]     *              0             0             1 
   356 q[12,13]     *              0             0             1 
   357 q[13,1]      *              0             0             1 
   358 q[13,2]      *              0             0             1 
   359 q[13,3]      *              0             0             1 
   360 q[13,4]      *              0             0             1 
   361 q[13,5]      *              0             0             1 
   362 q[13,6]      *              0             0             1 
   363 q[13,7]      *              0             0             1 
   364 q[13,8]      *              0             0             1 
   365 q[13,9]      *              0             0             1 
   366 q[13,10]     *              0             0             1 
   367 q[13,11]     *              0             0             1 
   368 q[13,12]     *              0             0             1 
   369 q[13,13]     *              0             0             1 
   370 ymin         *              6             0               

Integer feasibility conditions:

KKT.PE: max.abs.err = 0.00e+00 on row 0
        max.rel.err = 0.00e+00 on row 0
        High quality

KKT.PB: max.abs.err = 0.00e+00 on row 0
        max.rel.err = 0.00e+00 on row 0
        High quality

End of output
